###############################################################
#  Generated by:      Cadence Encounter 09.11-s084_1
#  OS:                Linux x86_64(Host ID ecegrid-thin6.ecn.purdue.edu)
#  Generated on:      Tue Mar  8 19:28:26 2016
#  Command:           verifyMetalDensity -reportfile lab7_layout_design.dens...
###############################################################

Verify Density report created on Tue Mar  8 19:28:26 2016

    Layer    Density(%)          Window  
***************************************************

      M1       17.63    (650 1050) (750 1150)
      M1       16.22    (700 1050) (800 1150)
      M1       16.56    (750 1050) (850 1150)
      M1       19.33    (800 1050) (900 1150)

      M2       17.85    (650 350) (750 450)
      M2       11.69    (700 350) (800 450)
      M2       12.31    (750 350) (850 450)
      M2       12.04    (800 350) (900 450)
      M2       12.49    (850 350) (950 450)
      M2       13.51    (900 350) (1000 450)
      M2       10.80    (950 350) (1050 450)
      M2        9.63    (1000 350) (1100 450)
      M2       18.65    (1050 350) (1150 450)
      M2       19.95    (700 400) (800 500)
      M2       16.62    (750 400) (850 500)
      M2       12.71    (800 400) (900 500)
      M2       12.92    (850 400) (950 500)
      M2       14.46    (900 400) (1000 500)
      M2       13.25    (950 400) (1050 500)
      M2       12.82    (1000 400) (1100 500)
      M2       15.11    (1050 400) (1150 500)
      M2       19.84    (400 450) (500 550)
      M2       19.39    (450 450) (550 550)
      M2       18.91    (800 450) (900 550)
      M2       18.13    (850 450) (950 550)
      M2       16.30    (900 450) (1000 550)
      M2       16.18    (950 450) (1050 550)
      M2       14.84    (1000 450) (1100 550)
      M2       14.13    (1050 450) (1150 550)
      M2       18.66    (350 500) (450 600)
      M2       17.25    (850 500) (950 600)
      M2       15.71    (900 500) (1000 600)
      M2       14.14    (950 500) (1050 600)
      M2       14.18    (1000 500) (1100 600)
      M2       16.20    (1050 500) (1150 600)
      M2       15.84    (1150 500) (1250 600)
      M2       16.47    (350 550) (450 650)
      M2       17.95    (400 550) (500 650)
      M2       19.26    (700 550) (800 650)
      M2       17.87    (750 550) (850 650)
      M2       17.35    (800 550) (900 650)
      M2       16.52    (850 550) (950 650)
      M2       17.54    (900 550) (1000 650)
      M2       15.23    (950 550) (1050 650)
      M2       14.18    (1000 550) (1100 650)
      M2       17.81    (1050 550) (1150 650)
      M2       14.46    (350 600) (450 700)
      M2       19.28    (700 600) (800 700)
      M2       17.00    (750 600) (850 700)
      M2       17.45    (800 600) (900 700)
      M2       18.17    (850 600) (950 700)
      M2       19.42    (900 600) (1000 700)
      M2       18.35    (950 600) (1050 700)
      M2       16.78    (1000 600) (1100 700)
      M2       19.94    (1050 600) (1150 700)
      M2       19.52    (350 650) (450 750)
      M2       19.28    (750 650) (850 750)
      M2       18.33    (900 650) (1000 750)
      M2       18.44    (900 700) (1000 800)
      M2       19.09    (500 750) (600 850)
      M2       19.17    (650 750) (750 850)
      M2       18.62    (700 750) (800 850)
      M2       19.23    (750 750) (850 850)
      M2       19.06    (350 800) (450 900)
      M2       18.39    (750 800) (850 900)
      M2       19.94    (800 800) (900 900)
      M2       16.87    (350 850) (450 950)
      M2       18.27    (400 850) (500 950)
      M2       18.62    (900 850) (1000 950)
      M2       19.28    (950 850) (1050 950)
      M2       18.99    (350 900) (450 1000)
      M2       19.98    (650 900) (750 1000)
      M2       18.70    (700 900) (800 1000)
      M2       19.07    (450 950) (550 1050)
      M2       17.82    (700 950) (800 1050)
      M2       14.78    (750 950) (850 1050)
      M2       15.19    (800 950) (900 1050)
      M2       19.58    (850 950) (950 1050)
      M2       19.52    (350 1000) (450 1100)
      M2       19.16    (400 1000) (500 1100)
      M2       16.72    (650 1000) (750 1100)
      M2       12.48    (700 1000) (800 1100)
      M2       14.60    (750 1000) (850 1100)
      M2       16.70    (800 1000) (900 1100)
      M2       18.92    (850 1000) (950 1100)
      M2       18.84    (1150 1000) (1250 1100)
      M2       16.26    (350 1050) (450 1150)
      M2       16.18    (400 1050) (500 1150)
      M2       15.59    (450 1050) (550 1150)
      M2       17.13    (500 1050) (600 1150)
      M2       19.06    (550 1050) (650 1150)
      M2       18.74    (600 1050) (700 1150)
      M2       11.55    (650 1050) (750 1150)
      M2        7.52    (700 1050) (800 1150)
      M2       10.39    (750 1050) (850 1150)
      M2       15.38    (800 1050) (900 1150)
      M2       19.45    (850 1050) (950 1150)
      M2       19.45    (1050 1050) (1150 1150)
      M2       14.49    (1100 1050) (1200 1150)
      M2       19.08    (1150 1050) (1250 1150)

      M3       16.62    (300 300) (400 400)
      M3       17.46    (1000 300) (1100 400)
      M3       18.70    (1200 300) (1300 400)
      M3       15.89    (300 350) (400 450)
      M3       18.66    (650 350) (750 450)
      M3       12.03    (700 350) (800 450)
      M3        9.48    (750 350) (850 450)
      M3        7.72    (800 350) (900 450)
      M3        7.18    (850 350) (950 450)
      M3        9.00    (900 350) (1000 450)
      M3        8.99    (950 350) (1050 450)
      M3        6.45    (1000 350) (1100 450)
      M3        8.09    (1050 350) (1150 450)
      M3       16.88    (1200 350) (1300 450)
      M3       16.18    (300 400) (400 500)
      M3       19.31    (700 400) (800 500)
      M3       10.57    (750 400) (850 500)
      M3        5.24    (800 400) (900 500)
      M3        6.29    (850 400) (950 500)
      M3        8.70    (900 400) (1000 500)
      M3        8.76    (950 400) (1050 500)
      M3        8.16    (1000 400) (1100 500)
      M3        8.39    (1050 400) (1150 500)
      M3       15.80    (1100 400) (1200 500)
      M3       19.88    (1150 400) (1250 500)
      M3       14.37    (1200 400) (1300 500)
      M3       19.04    (250 450) (350 550)
      M3        9.09    (300 450) (400 550)
      M3       17.26    (350 450) (450 550)
      M3       11.24    (750 450) (850 550)
      M3        6.39    (800 450) (900 550)
      M3        9.43    (850 450) (950 550)
      M3       10.47    (900 450) (1000 550)
      M3       11.26    (950 450) (1050 550)
      M3       11.11    (1000 450) (1100 550)
      M3       11.96    (1050 450) (1150 550)
      M3       13.47    (1100 450) (1200 550)
      M3       11.21    (1150 450) (1250 550)
      M3        8.17    (1200 450) (1300 550)
      M3       18.84    (1250 450) (1350 550)
      M3       19.96    (250 500) (350 600)
      M3        9.21    (300 500) (400 600)
      M3       14.32    (350 500) (450 600)
      M3       19.83    (400 500) (500 600)
      M3       19.57    (700 500) (800 600)
      M3       11.31    (750 500) (850 600)
      M3        6.78    (800 500) (900 600)
      M3        8.84    (850 500) (950 600)
      M3        8.42    (900 500) (1000 600)
      M3        9.38    (950 500) (1050 600)
      M3       10.50    (1000 500) (1100 600)
      M3       12.43    (1050 500) (1150 600)
      M3       15.13    (1100 500) (1200 600)
      M3       11.08    (1150 500) (1250 600)
      M3        7.61    (1200 500) (1300 600)
      M3       19.16    (1250 500) (1350 600)
      M3       15.41    (300 550) (400 650)
      M3       19.19    (350 550) (450 650)
      M3       15.49    (750 550) (850 650)
      M3       10.61    (800 550) (900 650)
      M3       10.07    (850 550) (950 650)
      M3        9.86    (900 550) (1000 650)
      M3        8.06    (950 550) (1050 650)
      M3        9.67    (1000 550) (1100 650)
      M3       11.40    (1050 550) (1150 650)
      M3       17.15    (1100 550) (1200 650)
      M3       15.57    (1150 550) (1250 650)
      M3       10.02    (1200 550) (1300 650)
      M3       14.55    (300 600) (400 700)
      M3       19.98    (700 600) (800 700)
      M3       16.38    (750 600) (850 700)
      M3       16.76    (800 600) (900 700)
      M3       15.98    (850 600) (950 700)
      M3       16.06    (900 600) (1000 700)
      M3       15.60    (950 600) (1050 700)
      M3       16.79    (1000 600) (1100 700)
      M3       17.41    (1050 600) (1150 700)
      M3       19.75    (1100 600) (1200 700)
      M3       19.25    (1150 600) (1250 700)
      M3       13.11    (1200 600) (1300 700)
      M3       14.92    (300 650) (400 750)
      M3       19.11    (350 650) (450 750)
      M3       19.37    (700 650) (800 750)
      M3       13.99    (750 650) (850 750)
      M3       18.06    (800 650) (900 750)
      M3       18.78    (1150 650) (1250 750)
      M3       12.64    (1200 650) (1300 750)
      M3       19.76    (1250 650) (1350 750)
      M3       14.86    (300 700) (400 800)
      M3       15.97    (350 700) (450 800)
      M3       17.16    (400 700) (500 800)
      M3       17.25    (450 700) (550 800)
      M3       18.77    (500 700) (600 800)
      M3       17.84    (700 700) (800 800)
      M3       15.73    (750 700) (850 800)
      M3       15.53    (800 700) (900 800)
      M3       17.76    (850 700) (950 800)
      M3       19.98    (900 700) (1000 800)
      M3       18.88    (950 700) (1050 800)
      M3       18.06    (1150 700) (1250 800)
      M3       11.89    (1200 700) (1300 800)
      M3       11.92    (300 750) (400 850)
      M3       13.21    (350 750) (450 850)
      M3       14.49    (400 750) (500 850)
      M3       16.98    (450 750) (550 850)
      M3       17.67    (500 750) (600 850)
      M3       19.35    (550 750) (650 850)
      M3       17.64    (650 750) (750 850)
      M3       14.56    (700 750) (800 850)
      M3       14.21    (750 750) (850 850)
      M3       13.91    (800 750) (900 850)
      M3       16.50    (850 750) (950 850)
      M3       19.37    (900 750) (1000 850)
      M3       15.72    (950 750) (1050 850)
      M3       19.53    (1000 750) (1100 850)
      M3       18.90    (1150 750) (1250 850)
      M3       12.80    (1200 750) (1300 850)
      M3       19.63    (1250 750) (1350 850)
      M3       13.19    (300 800) (400 900)
      M3       13.81    (350 800) (450 900)
      M3       14.86    (400 800) (500 900)
      M3       18.02    (450 800) (550 900)
      M3       19.78    (650 800) (750 900)
      M3       16.01    (700 800) (800 900)
      M3       14.13    (750 800) (850 900)
      M3       14.90    (800 800) (900 900)
      M3       16.50    (850 800) (950 900)
      M3       17.11    (900 800) (1000 900)
      M3       15.11    (950 800) (1050 900)
      M3       17.88    (1000 800) (1100 900)
      M3       17.34    (1150 800) (1250 900)
      M3       11.94    (1200 800) (1300 900)
      M3       19.28    (1250 800) (1350 900)
      M3       12.56    (300 850) (400 950)
      M3       14.77    (350 850) (450 950)
      M3       17.96    (400 850) (500 950)
      M3       17.92    (700 850) (800 950)
      M3       16.62    (750 850) (850 950)
      M3       19.20    (800 850) (900 950)
      M3       19.61    (900 850) (1000 950)
      M3       17.16    (950 850) (1050 950)
      M3       17.97    (1200 850) (1300 950)
      M3       10.88    (300 900) (400 1000)
      M3       15.46    (350 900) (450 1000)
      M3       16.01    (750 900) (850 1000)
      M3       16.93    (800 900) (900 1000)
      M3       19.52    (950 900) (1050 1000)
      M3       18.41    (1200 900) (1300 1000)
      M3       14.65    (300 950) (400 1050)
      M3       15.99    (350 950) (450 1050)
      M3       17.97    (700 950) (800 1050)
      M3       12.84    (750 950) (850 1050)
      M3       11.53    (800 950) (900 1050)
      M3       14.62    (850 950) (950 1050)
      M3       18.05    (900 950) (1000 1050)
      M3       17.39    (950 950) (1050 1050)
      M3       17.78    (1000 950) (1100 1050)
      M3       13.37    (1200 950) (1300 1050)
      M3       18.79    (1250 950) (1350 1050)
      M3       14.31    (300 1000) (400 1100)
      M3       15.16    (350 1000) (450 1100)
      M3       18.81    (400 1000) (500 1100)
      M3       18.12    (650 1000) (750 1100)
      M3       12.40    (700 1000) (800 1100)
      M3        9.60    (750 1000) (850 1100)
      M3        9.93    (800 1000) (900 1100)
      M3       12.03    (850 1000) (950 1100)
      M3       16.00    (900 1000) (1000 1100)
      M3       17.53    (950 1000) (1050 1100)
      M3       17.46    (1000 1000) (1100 1100)
      M3       18.60    (1050 1000) (1150 1100)
      M3       19.45    (1100 1000) (1200 1100)
      M3       16.98    (1150 1000) (1250 1100)
      M3       13.63    (1200 1000) (1300 1100)
      M3       10.95    (300 1050) (400 1150)
      M3        9.27    (350 1050) (450 1150)
      M3       10.69    (400 1050) (500 1150)
      M3       12.43    (450 1050) (550 1150)
      M3       13.21    (500 1050) (600 1150)
      M3       14.21    (550 1050) (650 1150)
      M3       14.90    (600 1050) (700 1150)
      M3       12.63    (650 1050) (750 1150)
      M3        8.69    (700 1050) (800 1150)
      M3        6.02    (750 1050) (850 1150)
      M3        6.25    (800 1050) (900 1150)
      M3        8.38    (850 1050) (950 1150)
      M3       12.67    (900 1050) (1000 1150)
      M3       16.20    (950 1050) (1050 1150)
      M3       16.53    (1000 1050) (1100 1150)
      M3       12.98    (1050 1050) (1150 1150)
      M3       10.32    (1100 1050) (1200 1150)
      M3       12.40    (1150 1050) (1250 1150)
      M3       12.94    (1200 1050) (1300 1150)
      M3       19.38    (1250 1050) (1350 1150)
      M3       13.17    (300 1100) (400 1200)
      M3        9.75    (350 1100) (450 1200)
      M3        9.31    (400 1100) (500 1200)
      M3        8.82    (450 1100) (550 1200)
      M3        7.46    (500 1100) (600 1200)
      M3        9.71    (550 1100) (650 1200)
      M3       11.72    (600 1100) (700 1200)
      M3       11.43    (650 1100) (750 1200)
      M3       11.58    (700 1100) (800 1200)
      M3       11.28    (750 1100) (850 1200)
      M3       11.14    (800 1100) (900 1200)
      M3       10.92    (850 1100) (950 1200)
      M3       13.22    (900 1100) (1000 1200)
      M3       15.04    (950 1100) (1050 1200)
      M3       13.77    (1000 1100) (1100 1200)
      M3       10.03    (1050 1100) (1150 1200)
      M3        8.13    (1100 1100) (1200 1200)
      M3       13.16    (1150 1100) (1250 1200)
      M3       12.30    (1200 1100) (1300 1200)
      M3       17.59    (1250 1100) (1350 1200)
      M3       12.12    (300 1150) (400 1250)
      M3       12.26    (350 1150) (450 1250)
      M3       12.79    (400 1150) (500 1250)
      M3       12.71    (450 1150) (550 1250)
      M3       10.68    (500 1150) (600 1250)
      M3        9.62    (550 1150) (650 1250)
      M3       12.38    (600 1150) (700 1250)
      M3       14.42    (650 1150) (750 1250)
      M3       14.99    (700 1150) (800 1250)
      M3       16.08    (750 1150) (850 1250)
      M3       15.75    (800 1150) (900 1250)
      M3       13.11    (850 1150) (950 1250)
      M3       13.81    (900 1150) (1000 1250)
      M3       14.25    (950 1150) (1050 1250)
      M3       12.67    (1000 1150) (1100 1250)
      M3       10.84    (1050 1150) (1150 1250)
      M3       11.04    (1100 1150) (1200 1250)
      M3       14.63    (1150 1150) (1250 1250)
      M3       12.27    (1200 1150) (1300 1250)
      M3       19.33    (1250 1150) (1350 1250)
      M3       16.07    (300 1200) (400 1300)
      M3       16.77    (350 1200) (450 1300)
      M3       17.73    (400 1200) (500 1300)
      M3       18.57    (450 1200) (550 1300)
      M3       18.62    (500 1200) (600 1300)
      M3       16.25    (550 1200) (650 1300)
      M3       16.47    (600 1200) (700 1300)
      M3       16.97    (650 1200) (750 1300)
      M3       17.04    (700 1200) (800 1300)
      M3       18.30    (750 1200) (850 1300)
      M3       18.23    (800 1200) (900 1300)
      M3       16.46    (850 1200) (950 1300)
      M3       16.59    (900 1200) (1000 1300)
      M3       17.06    (950 1200) (1050 1300)
      M3       17.08    (1000 1200) (1100 1300)
      M3       18.27    (1050 1200) (1150 1300)
      M3       18.05    (1100 1200) (1200 1300)
      M3       18.38    (1150 1200) (1250 1300)
      M3       18.48    (1200 1200) (1300 1300)


A total of 353 density violation(s).
Windows < Min. Density = 353
Windows > Max. Density = 0
