###############################################################
#  Generated by:      Cadence Encounter 09.11-s084_1
#  OS:                Linux x86_64(Host ID ecegrid-thin6.ecn.purdue.edu)
#  Generated on:      Wed Mar  2 14:36:28 2016
#  Command:           addMetalFill -layer {1 2 3} -nets {gnd vdd}
###############################################################

Iteration name: default
Fill shape type: FILLWIRE
Layer M1 - Fill width    : 0.900um - 1.950um
Layer M1 - Fill length   : 1.050um - 9.900um
Layer M1 - Active spacing: 0.900um
Layer M1 - Gap spacing   : 0.900um
Layer M1 - Window size   : 100um X 100um
Layer M1 - Window step   : 50um X 50um
Layer M1 - Min Density   : 20%
Layer M1 - Pref Density  : 35%
Layer M1 - Max Density   : 80%
Layer M1 - Ext Density   : 35%
Layer M1 - Number of windows (total - met pref density = processed): 992 - 26 = 966
Layer M2 - Fill width    : 0.900um - 1.950um
Layer M2 - Fill length   : 1.050um - 9.900um
Layer M2 - Active spacing: 0.900um
Layer M2 - Gap spacing   : 0.900um
Layer M2 - Window size   : 100um X 100um
Layer M2 - Window step   : 50um X 50um
Layer M2 - Min Density   : 20%
Layer M2 - Pref Density  : 35%
Layer M2 - Max Density   : 80%
Layer M2 - Ext Density   : 35%
Layer M2 - Number of windows (total - met pref density = processed): 992 - 17 = 975
Layer M3 - Fill width    : 1.500um - 1.950um
Layer M3 - Fill length   : 1.050um - 9.900um
Layer M3 - Active spacing: 0.900um
Layer M3 - Gap spacing   : 0.900um
Layer M3 - Window size   : 100um X 100um
Layer M3 - Window step   : 50um X 50um
Layer M3 - Min Density   : 20%
Layer M3 - Pref Density  : 35%
Layer M3 - Max Density   : 80%
Layer M3 - Ext Density   : 35%
Layer M3 - Number of windows (total - met pref density = processed): 992 - 0 = 992

***************Before filling***************

Layer M1 - Number of windows under minimum density (20%): 252 out of total 992.
Layer M1 - Number of windows over maximum density  (80%): 0 out of total 992.

Layer M2 - Number of windows under minimum density (20%): 348 out of total 992.
Layer M2 - Number of windows over maximum density  (80%): 0 out of total 992.

Layer M3 - Number of windows under minimum density (20%): 405 out of total 992.
Layer M3 - Number of windows over maximum density  (80%): 0 out of total 992.

***************After filling***************

Layer M1 - Number of windows under minimum density (20%): 0 out of total 992.
Layer M1 - Number of windows over maximum density  (80%): 0 out of total 992.

Layer M2 - Number of windows under minimum density (20%): 10 out of total 992.
Layer M2 - Number of windows over maximum density  (80%): 0 out of total 992.

Layer M3 - Number of windows under minimum density (20%): 0 out of total 992.
Layer M3 - Number of windows over maximum density  (80%): 0 out of total 992.

